[2025-12-02 16:56:41.773] [JavaFX Application Thread] ERROR com.y5neko.ssrtools.ui.ReportTemplateMakerWindow - 修复占位符失败
java.nio.file.FileAlreadyExistsException: /Volumes/Y5Sec/Y5neKO/Project/Java_Project/SSReportTools/created_templates/归档/word/old_document.xml
	at sun.nio.fs.UnixCopyFile.copy(UnixCopyFile.java:551) ~[?:1.8.0_431]
	at sun.nio.fs.UnixFileSystemProvider.copy(UnixFileSystemProvider.java:253) ~[?:1.8.0_431]
	at java.nio.file.Files.copy(Files.java:1274) ~[?:1.8.0_431]
	at com.y5neko.ssrtools.ui.ReportTemplateMakerWindow.lambda$fixPlaceholders$20(ReportTemplateMakerWindow.java:326) ~[classes/:?]
	at java.util.concurrent.CompletableFuture$AsyncRun.run(CompletableFuture.java:1640) ~[?:1.8.0_431]
	at java.util.concurrent.CompletableFuture$AsyncRun.exec(CompletableFuture.java:1632) ~[?:1.8.0_431]
	at java.util.concurrent.ForkJoinTask.doExec(ForkJoinTask.java:289) ~[?:1.8.0_431]
	at java.util.concurrent.ForkJoinPool$WorkQueue.runTask(ForkJoinPool.java:1067) ~[?:1.8.0_431]
	at java.util.concurrent.ForkJoinPool.runWorker(ForkJoinPool.java:1703) ~[?:1.8.0_431]
	at java.util.concurrent.ForkJoinWorkerThread.run(ForkJoinWorkerThread.java:172) ~[?:1.8.0_431]
[2025-12-02 17:05:25.432] [JavaFX Application Thread] ERROR com.y5neko.ssrtools.ui.ReportTemplateMakerWindow - 处理上传文件失败
java.lang.IllegalStateException: This operation is permitted on the event thread only; currentThread = ForkJoinPool.commonPool-worker-9
	at com.sun.glass.ui.Application.checkEventThread(Application.java:447) ~[jfxrt.jar:?]
	at com.sun.glass.ui.mac.MacAccessible.sendNotification(MacAccessible.java:690) ~[jfxrt.jar:?]
	at javafx.scene.Node.notifyAccessibleAttributeChanged(Node.java:9615) ~[jfxrt.jar:?]
	at javafx.scene.control.TextInputControl.doSelectRange(TextInputControl.java:1035) ~[jfxrt.jar:?]
	at javafx.scene.control.TextInputControl.replaceText(TextInputControl.java:1209) ~[jfxrt.jar:?]
	at javafx.scene.control.TextInputControl.updateContent(TextInputControl.java:556) ~[jfxrt.jar:?]
	at javafx.scene.control.TextInputControl.replaceText(TextInputControl.java:548) ~[jfxrt.jar:?]
	at javafx.scene.control.TextInputControl.insertText(TextInputControl.java:473) ~[jfxrt.jar:?]
	at javafx.scene.control.TextInputControl.appendText(TextInputControl.java:463) ~[jfxrt.jar:?]
	at com.y5neko.ssrtools.ui.ReportTemplateMakerWindow.appendLog(ReportTemplateMakerWindow.java:499) ~[classes/:?]
	at com.y5neko.ssrtools.ui.ReportTemplateMakerWindow.lambda$processUploadedFile$15(ReportTemplateMakerWindow.java:280) ~[classes/:?]
	at java.util.concurrent.CompletableFuture$AsyncRun.run(CompletableFuture.java:1640) ~[?:1.8.0_431]
	at java.util.concurrent.CompletableFuture$AsyncRun.exec(CompletableFuture.java:1632) ~[?:1.8.0_431]
	at java.util.concurrent.ForkJoinTask.doExec(ForkJoinTask.java:289) ~[?:1.8.0_431]
	at java.util.concurrent.ForkJoinPool$WorkQueue.runTask(ForkJoinPool.java:1067) ~[?:1.8.0_431]
	at java.util.concurrent.ForkJoinPool.runWorker(ForkJoinPool.java:1703) ~[?:1.8.0_431]
	at java.util.concurrent.ForkJoinWorkerThread.run(ForkJoinWorkerThread.java:172) ~[?:1.8.0_431]
[2025-12-02 17:05:34.765] [JavaFX Application Thread] ERROR com.y5neko.ssrtools.ui.ReportTemplateMakerWindow - 处理上传文件失败
java.lang.IllegalStateException: This operation is permitted on the event thread only; currentThread = ForkJoinPool.commonPool-worker-9
	at com.sun.glass.ui.Application.checkEventThread(Application.java:447) ~[jfxrt.jar:?]
	at com.sun.glass.ui.mac.MacAccessible.sendNotification(MacAccessible.java:690) ~[jfxrt.jar:?]
	at javafx.scene.Node.notifyAccessibleAttributeChanged(Node.java:9615) ~[jfxrt.jar:?]
	at javafx.scene.control.TextInputControl.doSelectRange(TextInputControl.java:1035) ~[jfxrt.jar:?]
	at javafx.scene.control.TextInputControl.replaceText(TextInputControl.java:1209) ~[jfxrt.jar:?]
	at javafx.scene.control.TextInputControl.updateContent(TextInputControl.java:556) ~[jfxrt.jar:?]
	at javafx.scene.control.TextInputControl.replaceText(TextInputControl.java:548) ~[jfxrt.jar:?]
	at javafx.scene.control.TextInputControl.insertText(TextInputControl.java:473) ~[jfxrt.jar:?]
	at javafx.scene.control.TextInputControl.appendText(TextInputControl.java:463) ~[jfxrt.jar:?]
	at com.y5neko.ssrtools.ui.ReportTemplateMakerWindow.appendLog(ReportTemplateMakerWindow.java:499) ~[classes/:?]
	at com.y5neko.ssrtools.ui.ReportTemplateMakerWindow.lambda$processUploadedFile$15(ReportTemplateMakerWindow.java:277) ~[classes/:?]
	at java.util.concurrent.CompletableFuture$AsyncRun.run(CompletableFuture.java:1640) ~[?:1.8.0_431]
	at java.util.concurrent.CompletableFuture$AsyncRun.exec(CompletableFuture.java:1632) ~[?:1.8.0_431]
	at java.util.concurrent.ForkJoinTask.doExec(ForkJoinTask.java:289) ~[?:1.8.0_431]
	at java.util.concurrent.ForkJoinPool$WorkQueue.runTask(ForkJoinPool.java:1067) ~[?:1.8.0_431]
	at java.util.concurrent.ForkJoinPool.runWorker(ForkJoinPool.java:1703) ~[?:1.8.0_431]
	at java.util.concurrent.ForkJoinWorkerThread.run(ForkJoinWorkerThread.java:172) ~[?:1.8.0_431]
[2025-12-02 17:05:56.869] [JavaFX Application Thread] ERROR com.y5neko.ssrtools.ui.ReportTemplateMakerWindow - 处理上传文件失败
java.lang.IllegalStateException: This operation is permitted on the event thread only; currentThread = ForkJoinPool.commonPool-worker-2
	at com.sun.glass.ui.Application.checkEventThread(Application.java:447) ~[jfxrt.jar:?]
	at com.sun.glass.ui.mac.MacAccessible.sendNotification(MacAccessible.java:690) ~[jfxrt.jar:?]
	at javafx.scene.Node.notifyAccessibleAttributeChanged(Node.java:9615) ~[jfxrt.jar:?]
	at javafx.scene.control.TextInputControl.doSelectRange(TextInputControl.java:1035) ~[jfxrt.jar:?]
	at javafx.scene.control.TextInputControl.replaceText(TextInputControl.java:1209) ~[jfxrt.jar:?]
	at javafx.scene.control.TextInputControl.updateContent(TextInputControl.java:556) ~[jfxrt.jar:?]
	at javafx.scene.control.TextInputControl.replaceText(TextInputControl.java:548) ~[jfxrt.jar:?]
	at javafx.scene.control.TextInputControl.insertText(TextInputControl.java:473) ~[jfxrt.jar:?]
	at javafx.scene.control.TextInputControl.appendText(TextInputControl.java:463) ~[jfxrt.jar:?]
	at com.y5neko.ssrtools.ui.ReportTemplateMakerWindow.appendLog(ReportTemplateMakerWindow.java:499) ~[classes/:?]
	at com.y5neko.ssrtools.ui.ReportTemplateMakerWindow.lambda$processUploadedFile$15(ReportTemplateMakerWindow.java:280) ~[classes/:?]
	at java.util.concurrent.CompletableFuture$AsyncRun.run(CompletableFuture.java:1640) ~[?:1.8.0_431]
	at java.util.concurrent.CompletableFuture$AsyncRun.exec(CompletableFuture.java:1632) ~[?:1.8.0_431]
	at java.util.concurrent.ForkJoinTask.doExec(ForkJoinTask.java:289) ~[?:1.8.0_431]
	at java.util.concurrent.ForkJoinPool$WorkQueue.runTask(ForkJoinPool.java:1067) ~[?:1.8.0_431]
	at java.util.concurrent.ForkJoinPool.runWorker(ForkJoinPool.java:1703) ~[?:1.8.0_431]
	at java.util.concurrent.ForkJoinWorkerThread.run(ForkJoinWorkerThread.java:172) ~[?:1.8.0_431]
[2025-12-02 17:06:09.362] [JavaFX Application Thread] ERROR com.y5neko.ssrtools.ui.ReportTemplateMakerWindow - 处理上传文件失败
java.lang.IllegalStateException: This operation is permitted on the event thread only; currentThread = ForkJoinPool.commonPool-worker-2
	at com.sun.glass.ui.Application.checkEventThread(Application.java:447) ~[jfxrt.jar:?]
	at com.sun.glass.ui.mac.MacAccessible.sendNotification(MacAccessible.java:690) ~[jfxrt.jar:?]
	at javafx.scene.Node.notifyAccessibleAttributeChanged(Node.java:9615) ~[jfxrt.jar:?]
	at javafx.scene.control.TextInputControl.doSelectRange(TextInputControl.java:1035) ~[jfxrt.jar:?]
	at javafx.scene.control.TextInputControl.replaceText(TextInputControl.java:1209) ~[jfxrt.jar:?]
	at javafx.scene.control.TextInputControl.updateContent(TextInputControl.java:556) ~[jfxrt.jar:?]
	at javafx.scene.control.TextInputControl.replaceText(TextInputControl.java:548) ~[jfxrt.jar:?]
	at javafx.scene.control.TextInputControl.insertText(TextInputControl.java:473) ~[jfxrt.jar:?]
	at javafx.scene.control.TextInputControl.appendText(TextInputControl.java:463) ~[jfxrt.jar:?]
	at com.y5neko.ssrtools.ui.ReportTemplateMakerWindow.appendLog(ReportTemplateMakerWindow.java:499) ~[classes/:?]
	at com.y5neko.ssrtools.ui.ReportTemplateMakerWindow.lambda$processUploadedFile$15(ReportTemplateMakerWindow.java:277) ~[classes/:?]
	at java.util.concurrent.CompletableFuture$AsyncRun.run(CompletableFuture.java:1640) ~[?:1.8.0_431]
	at java.util.concurrent.CompletableFuture$AsyncRun.exec(CompletableFuture.java:1632) ~[?:1.8.0_431]
	at java.util.concurrent.ForkJoinTask.doExec(ForkJoinTask.java:289) ~[?:1.8.0_431]
	at java.util.concurrent.ForkJoinPool$WorkQueue.runTask(ForkJoinPool.java:1067) ~[?:1.8.0_431]
	at java.util.concurrent.ForkJoinPool.runWorker(ForkJoinPool.java:1703) ~[?:1.8.0_431]
	at java.util.concurrent.ForkJoinWorkerThread.run(ForkJoinWorkerThread.java:172) ~[?:1.8.0_431]
[2025-12-02 17:14:08.136] [main] ERROR com.y5neko.ssrtools.utils.FileUtils - 读取文件失败：/Volumes/Y5Sec/Y5neKO/Project/Java_Project/SSReportTools/created_templates/模板制作测试/word/old_document.xml
[2025-12-02 17:56:43.414] [ForkJoinPool.commonPool-worker-9] ERROR com.y5neko.ssrtools.ui.ReportTemplateMakerWindow - 生成测试docx失败
java.lang.IllegalStateException: This operation is permitted on the event thread only; currentThread = ForkJoinPool.commonPool-worker-9
	at com.sun.glass.ui.Application.checkEventThread(Application.java:447) ~[jfxrt.jar:?]
	at com.sun.glass.ui.mac.MacAccessible.sendNotification(MacAccessible.java:690) ~[jfxrt.jar:?]
	at javafx.scene.Node.notifyAccessibleAttributeChanged(Node.java:9615) ~[jfxrt.jar:?]
	at javafx.scene.control.TextInputControl.doSelectRange(TextInputControl.java:1035) ~[jfxrt.jar:?]
	at javafx.scene.control.TextInputControl.replaceText(TextInputControl.java:1209) ~[jfxrt.jar:?]
	at javafx.scene.control.TextInputControl.updateContent(TextInputControl.java:556) ~[jfxrt.jar:?]
	at javafx.scene.control.TextInputControl.replaceText(TextInputControl.java:548) ~[jfxrt.jar:?]
	at javafx.scene.control.TextInputControl.insertText(TextInputControl.java:473) ~[jfxrt.jar:?]
	at javafx.scene.control.TextInputControl.appendText(TextInputControl.java:463) ~[jfxrt.jar:?]
	at com.y5neko.ssrtools.ui.ReportTemplateMakerWindow.appendLog(ReportTemplateMakerWindow.java:539) ~[classes/:?]
	at com.y5neko.ssrtools.ui.ReportTemplateMakerWindow.generateTestDocx(ReportTemplateMakerWindow.java:555) ~[classes/:?]
	at com.y5neko.ssrtools.ui.ReportTemplateMakerWindow.lambda$fixPlaceholders$20(ReportTemplateMakerWindow.java:412) ~[classes/:?]
	at java.util.concurrent.CompletableFuture$AsyncRun.run(CompletableFuture.java:1640) [?:1.8.0_431]
	at java.util.concurrent.CompletableFuture$AsyncRun.exec(CompletableFuture.java:1632) [?:1.8.0_431]
	at java.util.concurrent.ForkJoinTask.doExec(ForkJoinTask.java:289) [?:1.8.0_431]
	at java.util.concurrent.ForkJoinPool$WorkQueue.runTask(ForkJoinPool.java:1067) [?:1.8.0_431]
	at java.util.concurrent.ForkJoinPool.runWorker(ForkJoinPool.java:1703) [?:1.8.0_431]
	at java.util.concurrent.ForkJoinWorkerThread.run(ForkJoinWorkerThread.java:172) [?:1.8.0_431]
[2025-12-02 17:56:43.419] [JavaFX Application Thread] ERROR com.y5neko.ssrtools.ui.ReportTemplateMakerWindow - 修复占位符失败
java.lang.IllegalStateException: This operation is permitted on the event thread only; currentThread = ForkJoinPool.commonPool-worker-9
	at com.sun.glass.ui.Application.checkEventThread(Application.java:447) ~[jfxrt.jar:?]
	at com.sun.glass.ui.mac.MacAccessible.sendNotification(MacAccessible.java:690) ~[jfxrt.jar:?]
	at javafx.scene.Node.notifyAccessibleAttributeChanged(Node.java:9615) ~[jfxrt.jar:?]
	at javafx.scene.control.TextInputControl.doSelectRange(TextInputControl.java:1035) ~[jfxrt.jar:?]
	at javafx.scene.control.TextInputControl.replaceText(TextInputControl.java:1209) ~[jfxrt.jar:?]
	at javafx.scene.control.TextInputControl.updateContent(TextInputControl.java:556) ~[jfxrt.jar:?]
	at javafx.scene.control.TextInputControl.replaceText(TextInputControl.java:548) ~[jfxrt.jar:?]
	at javafx.scene.control.TextInputControl.insertText(TextInputControl.java:473) ~[jfxrt.jar:?]
	at javafx.scene.control.TextInputControl.appendText(TextInputControl.java:463) ~[jfxrt.jar:?]
	at com.y5neko.ssrtools.ui.ReportTemplateMakerWindow.appendLog(ReportTemplateMakerWindow.java:539) ~[classes/:?]
	at com.y5neko.ssrtools.ui.ReportTemplateMakerWindow.generateTestDocx(ReportTemplateMakerWindow.java:561) ~[classes/:?]
	at com.y5neko.ssrtools.ui.ReportTemplateMakerWindow.lambda$fixPlaceholders$20(ReportTemplateMakerWindow.java:412) ~[classes/:?]
	at java.util.concurrent.CompletableFuture$AsyncRun.run(CompletableFuture.java:1640) ~[?:1.8.0_431]
	at java.util.concurrent.CompletableFuture$AsyncRun.exec(CompletableFuture.java:1632) ~[?:1.8.0_431]
	at java.util.concurrent.ForkJoinTask.doExec(ForkJoinTask.java:289) ~[?:1.8.0_431]
	at java.util.concurrent.ForkJoinPool$WorkQueue.runTask(ForkJoinPool.java:1067) ~[?:1.8.0_431]
	at java.util.concurrent.ForkJoinPool.runWorker(ForkJoinPool.java:1703) ~[?:1.8.0_431]
	at java.util.concurrent.ForkJoinWorkerThread.run(ForkJoinWorkerThread.java:172) ~[?:1.8.0_431]
